{"C:\\Users\\haryr\\Documents\\Code\\test\\backend-test\\server\\app.js": {"path":"C:\\Users\\haryr\\Documents\\Code\\test\\backend-test\\server\\app.js","statementMap":{"0":{"start":{"line":1,"column":16},"end":{"line":1,"column":34}},"1":{"start":{"line":2,"column":12},"end":{"line":2,"column":21}},"2":{"start":{"line":3,"column":13},"end":{"line":3,"column":17}},"3":{"start":{"line":4,"column":13},"end":{"line":4,"column":28}},"4":{"start":{"line":5,"column":19},"end":{"line":5,"column":54}},"5":{"start":{"line":6,"column":15},"end":{"line":6,"column":31}},"6":{"start":{"line":7,"column":21},"end":{"line":7,"column":45}},"7":{"start":{"line":8,"column":18},"end":{"line":8,"column":47}},"8":{"start":{"line":10,"column":26},"end":{"line":23,"column":1}},"9":{"start":{"line":26,"column":16},"end":{"line":29,"column":1}},"10":{"start":{"line":31,"column":20},"end":{"line":31,"column":41}},"11":{"start":{"line":33,"column":0},"end":{"line":33,"column":15}},"12":{"start":{"line":34,"column":0},"end":{"line":34,"column":45}},"13":{"start":{"line":35,"column":0},"end":{"line":35,"column":23}},"14":{"start":{"line":36,"column":0},"end":{"line":36,"column":15}},"15":{"start":{"line":37,"column":0},"end":{"line":37,"column":68}},"16":{"start":{"line":39,"column":0},"end":{"line":39,"column":40}},"17":{"start":{"line":40,"column":0},"end":{"line":40,"column":51}},"18":{"start":{"line":41,"column":0},"end":{"line":41,"column":44}},"19":{"start":{"line":42,"column":0},"end":{"line":42,"column":49}},"20":{"start":{"line":45,"column":0},"end":{"line":47,"column":2}},"21":{"start":{"line":46,"column":2},"end":{"line":46,"column":54}},"22":{"start":{"line":49,"column":0},"end":{"line":49,"column":20}}},"fnMap":{"0":{"name":"(anonymous_0)","decl":{"start":{"line":45,"column":17},"end":{"line":45,"column":18}},"loc":{"start":{"line":45,"column":23},"end":{"line":47,"column":1}},"line":45}},"branchMap":{},"s":{"0":1,"1":1,"2":1,"3":1,"4":1,"5":1,"6":1,"7":1,"8":1,"9":1,"10":1,"11":1,"12":1,"13":1,"14":1,"15":1,"16":1,"17":1,"18":1,"19":1,"20":1,"21":1,"22":1},"f":{"0":1},"b":{},"_coverageSchema":"1a1c01bbd47fc00a2c39e90264f33305004495a9","hash":"cfab15359230b949619ac816a89584f705b3d4a3"}
,"C:\\Users\\haryr\\Documents\\Code\\test\\backend-test\\server\\controllers\\controller.js": {"path":"C:\\Users\\haryr\\Documents\\Code\\test\\backend-test\\server\\controllers\\controller.js","statementMap":{"0":{"start":{"line":1,"column":22},"end":{"line":1,"column":42}},"1":{"start":{"line":2,"column":42},"end":{"line":2,"column":62}},"2":{"start":{"line":15,"column":4},"end":{"line":37,"column":5}},"3":{"start":{"line":16,"column":17},"end":{"line":25,"column":8}},"4":{"start":{"line":27,"column":6},"end":{"line":27,"column":33}},"5":{"start":{"line":29,"column":6},"end":{"line":36,"column":7}},"6":{"start":{"line":33,"column":8},"end":{"line":33,"column":57}},"7":{"start":{"line":35,"column":8},"end":{"line":35,"column":67}},"8":{"start":{"line":49,"column":4},"end":{"line":83,"column":5}},"9":{"start":{"line":50,"column":17},"end":{"line":61,"column":8}},"10":{"start":{"line":63,"column":26},"end":{"line":69,"column":8}},"11":{"start":{"line":64,"column":8},"end":{"line":68,"column":10}},"12":{"start":{"line":70,"column":6},"end":{"line":70,"column":42}},"13":{"start":{"line":71,"column":6},"end":{"line":71,"column":27}},"14":{"start":{"line":73,"column":6},"end":{"line":73,"column":25}},"15":{"start":{"line":75,"column":6},"end":{"line":82,"column":7}},"16":{"start":{"line":79,"column":8},"end":{"line":79,"column":57}},"17":{"start":{"line":81,"column":8},"end":{"line":81,"column":67}},"18":{"start":{"line":112,"column":4},"end":{"line":178,"column":5}},"19":{"start":{"line":113,"column":39},"end":{"line":113,"column":47}},"20":{"start":{"line":114,"column":24},"end":{"line":114,"column":78}},"21":{"start":{"line":115,"column":22},"end":{"line":115,"column":72}},"22":{"start":{"line":116,"column":24},"end":{"line":118,"column":8}},"23":{"start":{"line":119,"column":17},"end":{"line":119,"column":27}},"24":{"start":{"line":122,"column":6},"end":{"line":141,"column":7}},"25":{"start":{"line":123,"column":8},"end":{"line":123,"column":43}},"26":{"start":{"line":125,"column":27},"end":{"line":128,"column":10}},"27":{"start":{"line":129,"column":8},"end":{"line":129,"column":64}},"28":{"start":{"line":132,"column":8},"end":{"line":140,"column":9}},"29":{"start":{"line":133,"column":26},"end":{"line":133,"column":56}},"30":{"start":{"line":135,"column":29},"end":{"line":135,"column":74}},"31":{"start":{"line":137,"column":10},"end":{"line":139,"column":11}},"32":{"start":{"line":138,"column":12},"end":{"line":138,"column":38}},"33":{"start":{"line":142,"column":6},"end":{"line":144,"column":7}},"34":{"start":{"line":143,"column":8},"end":{"line":143,"column":41}},"35":{"start":{"line":145,"column":6},"end":{"line":147,"column":7}},"36":{"start":{"line":146,"column":8},"end":{"line":146,"column":36}},"37":{"start":{"line":148,"column":6},"end":{"line":151,"column":8}},"38":{"start":{"line":152,"column":17},"end":{"line":156,"column":8}},"39":{"start":{"line":157,"column":6},"end":{"line":159,"column":9}},"40":{"start":{"line":161,"column":6},"end":{"line":161,"column":25}},"41":{"start":{"line":162,"column":6},"end":{"line":177,"column":7}},"42":{"start":{"line":166,"column":8},"end":{"line":166,"column":57}},"43":{"start":{"line":167,"column":13},"end":{"line":177,"column":7}},"44":{"start":{"line":168,"column":8},"end":{"line":168,"column":62}},"45":{"start":{"line":169,"column":13},"end":{"line":177,"column":7}},"46":{"start":{"line":170,"column":8},"end":{"line":170,"column":60}},"47":{"start":{"line":171,"column":13},"end":{"line":177,"column":7}},"48":{"start":{"line":172,"column":8},"end":{"line":172,"column":81}},"49":{"start":{"line":173,"column":13},"end":{"line":177,"column":7}},"50":{"start":{"line":174,"column":8},"end":{"line":174,"column":60}},"51":{"start":{"line":176,"column":8},"end":{"line":176,"column":67}},"52":{"start":{"line":207,"column":4},"end":{"line":262,"column":5}},"53":{"start":{"line":208,"column":29},"end":{"line":208,"column":37}},"54":{"start":{"line":210,"column":24},"end":{"line":210,"column":63}},"55":{"start":{"line":211,"column":22},"end":{"line":213,"column":8}},"56":{"start":{"line":214,"column":20},"end":{"line":214,"column":30}},"57":{"start":{"line":215,"column":22},"end":{"line":215,"column":53}},"58":{"start":{"line":218,"column":6},"end":{"line":220,"column":7}},"59":{"start":{"line":219,"column":8},"end":{"line":219,"column":43}},"60":{"start":{"line":221,"column":6},"end":{"line":223,"column":7}},"61":{"start":{"line":222,"column":8},"end":{"line":222,"column":48}},"62":{"start":{"line":225,"column":6},"end":{"line":246,"column":7}},"63":{"start":{"line":226,"column":8},"end":{"line":230,"column":11}},"64":{"start":{"line":231,"column":8},"end":{"line":231,"column":71}},"65":{"start":{"line":232,"column":8},"end":{"line":235,"column":10}},"66":{"start":{"line":236,"column":8},"end":{"line":238,"column":80}},"67":{"start":{"line":240,"column":8},"end":{"line":240,"column":71}},"68":{"start":{"line":241,"column":8},"end":{"line":244,"column":10}},"69":{"start":{"line":245,"column":8},"end":{"line":245,"column":72}},"70":{"start":{"line":248,"column":6},"end":{"line":248,"column":25}},"71":{"start":{"line":250,"column":6},"end":{"line":261,"column":7}},"72":{"start":{"line":254,"column":8},"end":{"line":254,"column":57}},"73":{"start":{"line":255,"column":13},"end":{"line":261,"column":7}},"74":{"start":{"line":256,"column":8},"end":{"line":256,"column":62}},"75":{"start":{"line":257,"column":13},"end":{"line":261,"column":7}},"76":{"start":{"line":258,"column":8},"end":{"line":258,"column":67}},"77":{"start":{"line":260,"column":8},"end":{"line":260,"column":67}},"78":{"start":{"line":265,"column":0},"end":{"line":265,"column":28}}},"fnMap":{"0":{"name":"(anonymous_0)","decl":{"start":{"line":14,"column":2},"end":{"line":14,"column":3}},"loc":{"start":{"line":14,"column":33},"end":{"line":38,"column":3}},"line":14},"1":{"name":"(anonymous_1)","decl":{"start":{"line":48,"column":2},"end":{"line":48,"column":3}},"loc":{"start":{"line":48,"column":35},"end":{"line":84,"column":3}},"line":48},"2":{"name":"(anonymous_2)","decl":{"start":{"line":63,"column":35},"end":{"line":63,"column":36}},"loc":{"start":{"line":63,"column":43},"end":{"line":69,"column":7}},"line":63},"3":{"name":"(anonymous_3)","decl":{"start":{"line":111,"column":2},"end":{"line":111,"column":3}},"loc":{"start":{"line":111,"column":38},"end":{"line":179,"column":3}},"line":111},"4":{"name":"(anonymous_4)","decl":{"start":{"line":206,"column":2},"end":{"line":206,"column":3}},"loc":{"start":{"line":206,"column":36},"end":{"line":263,"column":3}},"line":206}},"branchMap":{"0":{"loc":{"start":{"line":29,"column":6},"end":{"line":36,"column":7}},"type":"if","locations":[{"start":{"line":29,"column":6},"end":{"line":36,"column":7}},{"start":{"line":34,"column":13},"end":{"line":36,"column":7}}],"line":29},"1":{"loc":{"start":{"line":30,"column":8},"end":{"line":31,"column":49}},"type":"binary-expr","locations":[{"start":{"line":30,"column":8},"end":{"line":30,"column":49}},{"start":{"line":31,"column":8},"end":{"line":31,"column":49}}],"line":30},"2":{"loc":{"start":{"line":75,"column":6},"end":{"line":82,"column":7}},"type":"if","locations":[{"start":{"line":75,"column":6},"end":{"line":82,"column":7}},{"start":{"line":80,"column":13},"end":{"line":82,"column":7}}],"line":75},"3":{"loc":{"start":{"line":76,"column":8},"end":{"line":77,"column":49}},"type":"binary-expr","locations":[{"start":{"line":76,"column":8},"end":{"line":76,"column":49}},{"start":{"line":77,"column":8},"end":{"line":77,"column":49}}],"line":76},"4":{"loc":{"start":{"line":122,"column":6},"end":{"line":141,"column":7}},"type":"if","locations":[{"start":{"line":122,"column":6},"end":{"line":141,"column":7}},{"start":{"line":124,"column":13},"end":{"line":141,"column":7}}],"line":122},"5":{"loc":{"start":{"line":132,"column":8},"end":{"line":140,"column":9}},"type":"if","locations":[{"start":{"line":132,"column":8},"end":{"line":140,"column":9}},{"start":{},"end":{}}],"line":132},"6":{"loc":{"start":{"line":137,"column":10},"end":{"line":139,"column":11}},"type":"if","locations":[{"start":{"line":137,"column":10},"end":{"line":139,"column":11}},{"start":{},"end":{}}],"line":137},"7":{"loc":{"start":{"line":142,"column":6},"end":{"line":144,"column":7}},"type":"if","locations":[{"start":{"line":142,"column":6},"end":{"line":144,"column":7}},{"start":{},"end":{}}],"line":142},"8":{"loc":{"start":{"line":145,"column":6},"end":{"line":147,"column":7}},"type":"if","locations":[{"start":{"line":145,"column":6},"end":{"line":147,"column":7}},{"start":{},"end":{}}],"line":145},"9":{"loc":{"start":{"line":162,"column":6},"end":{"line":177,"column":7}},"type":"if","locations":[{"start":{"line":162,"column":6},"end":{"line":177,"column":7}},{"start":{"line":167,"column":13},"end":{"line":177,"column":7}}],"line":162},"10":{"loc":{"start":{"line":163,"column":8},"end":{"line":164,"column":49}},"type":"binary-expr","locations":[{"start":{"line":163,"column":8},"end":{"line":163,"column":49}},{"start":{"line":164,"column":8},"end":{"line":164,"column":49}}],"line":163},"11":{"loc":{"start":{"line":167,"column":13},"end":{"line":177,"column":7}},"type":"if","locations":[{"start":{"line":167,"column":13},"end":{"line":177,"column":7}},{"start":{"line":169,"column":13},"end":{"line":177,"column":7}}],"line":167},"12":{"loc":{"start":{"line":169,"column":13},"end":{"line":177,"column":7}},"type":"if","locations":[{"start":{"line":169,"column":13},"end":{"line":177,"column":7}},{"start":{"line":171,"column":13},"end":{"line":177,"column":7}}],"line":169},"13":{"loc":{"start":{"line":171,"column":13},"end":{"line":177,"column":7}},"type":"if","locations":[{"start":{"line":171,"column":13},"end":{"line":177,"column":7}},{"start":{"line":173,"column":13},"end":{"line":177,"column":7}}],"line":171},"14":{"loc":{"start":{"line":173,"column":13},"end":{"line":177,"column":7}},"type":"if","locations":[{"start":{"line":173,"column":13},"end":{"line":177,"column":7}},{"start":{"line":175,"column":13},"end":{"line":177,"column":7}}],"line":173},"15":{"loc":{"start":{"line":218,"column":6},"end":{"line":220,"column":7}},"type":"if","locations":[{"start":{"line":218,"column":6},"end":{"line":220,"column":7}},{"start":{},"end":{}}],"line":218},"16":{"loc":{"start":{"line":221,"column":6},"end":{"line":223,"column":7}},"type":"if","locations":[{"start":{"line":221,"column":6},"end":{"line":223,"column":7}},{"start":{},"end":{}}],"line":221},"17":{"loc":{"start":{"line":225,"column":6},"end":{"line":246,"column":7}},"type":"if","locations":[{"start":{"line":225,"column":6},"end":{"line":246,"column":7}},{"start":{"line":239,"column":13},"end":{"line":246,"column":7}}],"line":225},"18":{"loc":{"start":{"line":250,"column":6},"end":{"line":261,"column":7}},"type":"if","locations":[{"start":{"line":250,"column":6},"end":{"line":261,"column":7}},{"start":{"line":255,"column":13},"end":{"line":261,"column":7}}],"line":250},"19":{"loc":{"start":{"line":251,"column":8},"end":{"line":252,"column":49}},"type":"binary-expr","locations":[{"start":{"line":251,"column":8},"end":{"line":251,"column":49}},{"start":{"line":252,"column":8},"end":{"line":252,"column":49}}],"line":251},"20":{"loc":{"start":{"line":255,"column":13},"end":{"line":261,"column":7}},"type":"if","locations":[{"start":{"line":255,"column":13},"end":{"line":261,"column":7}},{"start":{"line":257,"column":13},"end":{"line":261,"column":7}}],"line":255},"21":{"loc":{"start":{"line":257,"column":13},"end":{"line":261,"column":7}},"type":"if","locations":[{"start":{"line":257,"column":13},"end":{"line":261,"column":7}},{"start":{"line":259,"column":13},"end":{"line":261,"column":7}}],"line":257}},"s":{"0":1,"1":1,"2":1,"3":1,"4":1,"5":0,"6":0,"7":0,"8":1,"9":1,"10":1,"11":3,"12":1,"13":1,"14":0,"15":0,"16":0,"17":0,"18":3,"19":3,"20":3,"21":3,"22":3,"23":3,"24":3,"25":0,"26":3,"27":3,"28":3,"29":0,"30":0,"31":0,"32":0,"33":3,"34":0,"35":3,"36":1,"37":2,"38":2,"39":2,"40":1,"41":1,"42":0,"43":1,"44":0,"45":1,"46":0,"47":1,"48":1,"49":0,"50":0,"51":0,"52":1,"53":1,"54":1,"55":1,"56":1,"57":1,"58":1,"59":0,"60":1,"61":0,"62":1,"63":0,"64":0,"65":0,"66":0,"67":1,"68":1,"69":1,"70":0,"71":0,"72":0,"73":0,"74":0,"75":0,"76":0,"77":0,"78":1},"f":{"0":1,"1":1,"2":3,"3":3,"4":1},"b":{"0":[0,0],"1":[0,0],"2":[0,0],"3":[0,0],"4":[0,3],"5":[0,3],"6":[0,0],"7":[0,3],"8":[1,2],"9":[0,1],"10":[1,1],"11":[0,1],"12":[0,1],"13":[1,0],"14":[0,0],"15":[0,1],"16":[0,1],"17":[0,1],"18":[0,0],"19":[0,0],"20":[0,0],"21":[0,0]},"_coverageSchema":"1a1c01bbd47fc00a2c39e90264f33305004495a9","hash":"9fc64bc7971c4ed3e7771b26218c8daa823b7506"}
,"C:\\Users\\haryr\\Documents\\Code\\test\\backend-test\\server\\models\\book.js": {"path":"C:\\Users\\haryr\\Documents\\Code\\test\\backend-test\\server\\models\\book.js","statementMap":{"0":{"start":{"line":4,"column":4},"end":{"line":4,"column":24}},"1":{"start":{"line":5,"column":0},"end":{"line":73,"column":2}},"2":{"start":{"line":14,"column":6},"end":{"line":14,"column":79}},"3":{"start":{"line":17,"column":2},"end":{"line":71,"column":5}},"4":{"start":{"line":72,"column":2},"end":{"line":72,"column":14}}},"fnMap":{"0":{"name":"(anonymous_0)","decl":{"start":{"line":5,"column":17},"end":{"line":5,"column":18}},"loc":{"start":{"line":5,"column":43},"end":{"line":73,"column":1}},"line":5},"1":{"name":"(anonymous_1)","decl":{"start":{"line":12,"column":4},"end":{"line":12,"column":5}},"loc":{"start":{"line":12,"column":29},"end":{"line":15,"column":5}},"line":12}},"branchMap":{},"s":{"0":1,"1":1,"2":1,"3":1,"4":1},"f":{"0":1,"1":1},"b":{},"_coverageSchema":"1a1c01bbd47fc00a2c39e90264f33305004495a9","hash":"bdd847becc192a030ca224bc3f78e6edd8aa2f4d"}
,"C:\\Users\\haryr\\Documents\\Code\\test\\backend-test\\server\\models\\borrow.js": {"path":"C:\\Users\\haryr\\Documents\\Code\\test\\backend-test\\server\\models\\borrow.js","statementMap":{"0":{"start":{"line":4,"column":4},"end":{"line":4,"column":24}},"1":{"start":{"line":5,"column":0},"end":{"line":57,"column":2}},"2":{"start":{"line":14,"column":6},"end":{"line":14,"column":88}},"3":{"start":{"line":15,"column":6},"end":{"line":15,"column":84}},"4":{"start":{"line":18,"column":2},"end":{"line":55,"column":5}},"5":{"start":{"line":56,"column":2},"end":{"line":56,"column":16}}},"fnMap":{"0":{"name":"(anonymous_0)","decl":{"start":{"line":5,"column":17},"end":{"line":5,"column":18}},"loc":{"start":{"line":5,"column":43},"end":{"line":57,"column":1}},"line":5},"1":{"name":"(anonymous_1)","decl":{"start":{"line":12,"column":4},"end":{"line":12,"column":5}},"loc":{"start":{"line":12,"column":29},"end":{"line":16,"column":5}},"line":12}},"branchMap":{},"s":{"0":1,"1":1,"2":1,"3":1,"4":1,"5":1},"f":{"0":1,"1":1},"b":{},"_coverageSchema":"1a1c01bbd47fc00a2c39e90264f33305004495a9","hash":"b0b6ba4fbf4a82c2c39677981665ecd1266a307d"}
,"C:\\Users\\haryr\\Documents\\Code\\test\\backend-test\\server\\models\\index.js": {"path":"C:\\Users\\haryr\\Documents\\Code\\test\\backend-test\\server\\models\\index.js","statementMap":{"0":{"start":{"line":3,"column":11},"end":{"line":3,"column":24}},"1":{"start":{"line":4,"column":13},"end":{"line":4,"column":28}},"2":{"start":{"line":5,"column":18},"end":{"line":5,"column":38}},"3":{"start":{"line":6,"column":16},"end":{"line":6,"column":34}},"4":{"start":{"line":7,"column":17},"end":{"line":7,"column":42}},"5":{"start":{"line":8,"column":12},"end":{"line":8,"column":49}},"6":{"start":{"line":9,"column":15},"end":{"line":9,"column":65}},"7":{"start":{"line":10,"column":11},"end":{"line":10,"column":13}},"8":{"start":{"line":13,"column":0},"end":{"line":17,"column":1}},"9":{"start":{"line":14,"column":2},"end":{"line":14,"column":74}},"10":{"start":{"line":16,"column":2},"end":{"line":16,"column":87}},"11":{"start":{"line":19,"column":0},"end":{"line":32,"column":5}},"12":{"start":{"line":22,"column":4},"end":{"line":27,"column":6}},"13":{"start":{"line":30,"column":18},"end":{"line":30,"column":85}},"14":{"start":{"line":31,"column":4},"end":{"line":31,"column":27}},"15":{"start":{"line":34,"column":0},"end":{"line":38,"column":3}},"16":{"start":{"line":35,"column":2},"end":{"line":37,"column":3}},"17":{"start":{"line":36,"column":4},"end":{"line":36,"column":32}},"18":{"start":{"line":40,"column":0},"end":{"line":40,"column":25}},"19":{"start":{"line":41,"column":0},"end":{"line":41,"column":25}},"20":{"start":{"line":43,"column":0},"end":{"line":43,"column":20}}},"fnMap":{"0":{"name":"(anonymous_0)","decl":{"start":{"line":21,"column":10},"end":{"line":21,"column":11}},"loc":{"start":{"line":21,"column":18},"end":{"line":28,"column":3}},"line":21},"1":{"name":"(anonymous_1)","decl":{"start":{"line":29,"column":11},"end":{"line":29,"column":12}},"loc":{"start":{"line":29,"column":19},"end":{"line":32,"column":3}},"line":29},"2":{"name":"(anonymous_2)","decl":{"start":{"line":34,"column":24},"end":{"line":34,"column":25}},"loc":{"start":{"line":34,"column":37},"end":{"line":38,"column":1}},"line":34}},"branchMap":{"0":{"loc":{"start":{"line":8,"column":12},"end":{"line":8,"column":49}},"type":"binary-expr","locations":[{"start":{"line":8,"column":12},"end":{"line":8,"column":32}},{"start":{"line":8,"column":36},"end":{"line":8,"column":49}}],"line":8},"1":{"loc":{"start":{"line":13,"column":0},"end":{"line":17,"column":1}},"type":"if","locations":[{"start":{"line":13,"column":0},"end":{"line":17,"column":1}},{"start":{"line":15,"column":7},"end":{"line":17,"column":1}}],"line":13},"2":{"loc":{"start":{"line":23,"column":6},"end":{"line":26,"column":37}},"type":"binary-expr","locations":[{"start":{"line":23,"column":6},"end":{"line":23,"column":29}},{"start":{"line":24,"column":6},"end":{"line":24,"column":23}},{"start":{"line":25,"column":6},"end":{"line":25,"column":30}},{"start":{"line":26,"column":6},"end":{"line":26,"column":37}}],"line":23},"3":{"loc":{"start":{"line":35,"column":2},"end":{"line":37,"column":3}},"type":"if","locations":[{"start":{"line":35,"column":2},"end":{"line":37,"column":3}},{"start":{},"end":{}}],"line":35}},"s":{"0":1,"1":1,"2":1,"3":1,"4":1,"5":1,"6":1,"7":1,"8":1,"9":0,"10":1,"11":1,"12":5,"13":4,"14":4,"15":1,"16":4,"17":4,"18":1,"19":1,"20":1},"f":{"0":5,"1":4,"2":4},"b":{"0":[1,0],"1":[0,1],"2":[5,5,4,4],"3":[4,0]},"_coverageSchema":"1a1c01bbd47fc00a2c39e90264f33305004495a9","hash":"7be33bbdb79ef70bc4afb26ca7b09db6a968d2ee"}
,"C:\\Users\\haryr\\Documents\\Code\\test\\backend-test\\server\\models\\member.js": {"path":"C:\\Users\\haryr\\Documents\\Code\\test\\backend-test\\server\\models\\member.js","statementMap":{"0":{"start":{"line":4,"column":4},"end":{"line":4,"column":24}},"1":{"start":{"line":5,"column":0},"end":{"line":47,"column":2}},"2":{"start":{"line":14,"column":6},"end":{"line":14,"column":84}},"3":{"start":{"line":15,"column":6},"end":{"line":15,"column":80}},"4":{"start":{"line":18,"column":2},"end":{"line":45,"column":5}},"5":{"start":{"line":46,"column":2},"end":{"line":46,"column":16}}},"fnMap":{"0":{"name":"(anonymous_0)","decl":{"start":{"line":5,"column":17},"end":{"line":5,"column":18}},"loc":{"start":{"line":5,"column":43},"end":{"line":47,"column":1}},"line":5},"1":{"name":"(anonymous_1)","decl":{"start":{"line":12,"column":4},"end":{"line":12,"column":5}},"loc":{"start":{"line":12,"column":29},"end":{"line":16,"column":5}},"line":12}},"branchMap":{},"s":{"0":1,"1":1,"2":1,"3":1,"4":1,"5":1},"f":{"0":1,"1":1},"b":{},"_coverageSchema":"1a1c01bbd47fc00a2c39e90264f33305004495a9","hash":"7574e62bbf0bdbabd0aff64b0bd97dab7f9bff9f"}
,"C:\\Users\\haryr\\Documents\\Code\\test\\backend-test\\server\\models\\pinalty.js": {"path":"C:\\Users\\haryr\\Documents\\Code\\test\\backend-test\\server\\models\\pinalty.js","statementMap":{"0":{"start":{"line":4,"column":4},"end":{"line":4,"column":24}},"1":{"start":{"line":5,"column":0},"end":{"line":25,"column":2}},"2":{"start":{"line":14,"column":6},"end":{"line":14,"column":84}},"3":{"start":{"line":17,"column":2},"end":{"line":23,"column":5}},"4":{"start":{"line":24,"column":2},"end":{"line":24,"column":17}}},"fnMap":{"0":{"name":"(anonymous_0)","decl":{"start":{"line":5,"column":17},"end":{"line":5,"column":18}},"loc":{"start":{"line":5,"column":43},"end":{"line":25,"column":1}},"line":5},"1":{"name":"(anonymous_1)","decl":{"start":{"line":12,"column":4},"end":{"line":12,"column":5}},"loc":{"start":{"line":12,"column":29},"end":{"line":15,"column":5}},"line":12}},"branchMap":{},"s":{"0":1,"1":1,"2":1,"3":1,"4":1},"f":{"0":1,"1":1},"b":{},"_coverageSchema":"1a1c01bbd47fc00a2c39e90264f33305004495a9","hash":"37a6f36dbc6b0c105e44dd48e3e6ac949bc299b7"}
}
