TN:
SF:app.js
FN:45,(anonymous_0)
FNF:1
FNH:1
FNDA:1,(anonymous_0)
DA:1,1
DA:2,1
DA:3,1
DA:4,1
DA:5,1
DA:6,1
DA:7,1
DA:8,1
DA:10,1
DA:26,1
DA:31,1
DA:33,1
DA:34,1
DA:35,1
DA:36,1
DA:37,1
DA:39,1
DA:40,1
DA:41,1
DA:42,1
DA:45,1
DA:46,1
DA:49,1
LF:23
LH:23
BRF:0
BRH:0
end_of_record
TN:
SF:controllers\controller.js
FN:14,(anonymous_0)
FN:48,(anonymous_1)
FN:63,(anonymous_2)
FN:111,(anonymous_3)
FN:206,(anonymous_4)
FNF:5
FNH:5
FNDA:1,(anonymous_0)
FNDA:1,(anonymous_1)
FNDA:3,(anonymous_2)
FNDA:3,(anonymous_3)
FNDA:1,(anonymous_4)
DA:1,1
DA:2,1
DA:15,1
DA:16,1
DA:27,1
DA:29,0
DA:33,0
DA:35,0
DA:49,1
DA:50,1
DA:63,1
DA:64,3
DA:70,1
DA:71,1
DA:73,0
DA:75,0
DA:79,0
DA:81,0
DA:112,3
DA:113,3
DA:114,3
DA:115,3
DA:116,3
DA:119,3
DA:122,3
DA:123,0
DA:125,3
DA:129,3
DA:132,3
DA:133,0
DA:135,0
DA:137,0
DA:138,0
DA:142,3
DA:143,0
DA:145,3
DA:146,1
DA:148,2
DA:152,2
DA:157,2
DA:161,1
DA:162,1
DA:166,0
DA:167,1
DA:168,0
DA:169,1
DA:170,0
DA:171,1
DA:172,1
DA:173,0
DA:174,0
DA:176,0
DA:207,1
DA:208,1
DA:210,1
DA:211,1
DA:214,1
DA:215,1
DA:218,1
DA:219,0
DA:221,1
DA:222,0
DA:225,1
DA:226,0
DA:231,0
DA:232,0
DA:236,0
DA:240,1
DA:241,1
DA:245,1
DA:248,0
DA:250,0
DA:254,0
DA:255,0
DA:256,0
DA:257,0
DA:258,0
DA:260,0
DA:265,1
LF:79
LH:46
BRDA:29,0,0,0
BRDA:29,0,1,0
BRDA:30,1,0,0
BRDA:30,1,1,0
BRDA:75,2,0,0
BRDA:75,2,1,0
BRDA:76,3,0,0
BRDA:76,3,1,0
BRDA:122,4,0,0
BRDA:122,4,1,3
BRDA:132,5,0,0
BRDA:132,5,1,3
BRDA:137,6,0,0
BRDA:137,6,1,0
BRDA:142,7,0,0
BRDA:142,7,1,3
BRDA:145,8,0,1
BRDA:145,8,1,2
BRDA:162,9,0,0
BRDA:162,9,1,1
BRDA:163,10,0,1
BRDA:163,10,1,1
BRDA:167,11,0,0
BRDA:167,11,1,1
BRDA:169,12,0,0
BRDA:169,12,1,1
BRDA:171,13,0,1
BRDA:171,13,1,0
BRDA:173,14,0,0
BRDA:173,14,1,0
BRDA:218,15,0,0
BRDA:218,15,1,1
BRDA:221,16,0,0
BRDA:221,16,1,1
BRDA:225,17,0,0
BRDA:225,17,1,1
BRDA:250,18,0,0
BRDA:250,18,1,0
BRDA:251,19,0,0
BRDA:251,19,1,0
BRDA:255,20,0,0
BRDA:255,20,1,0
BRDA:257,21,0,0
BRDA:257,21,1,0
BRF:44
BRH:14
end_of_record
TN:
SF:models\book.js
FN:5,(anonymous_0)
FN:12,(anonymous_1)
FNF:2
FNH:2
FNDA:1,(anonymous_0)
FNDA:1,(anonymous_1)
DA:4,1
DA:5,1
DA:14,1
DA:17,1
DA:72,1
LF:5
LH:5
BRF:0
BRH:0
end_of_record
TN:
SF:models\borrow.js
FN:5,(anonymous_0)
FN:12,(anonymous_1)
FNF:2
FNH:2
FNDA:1,(anonymous_0)
FNDA:1,(anonymous_1)
DA:4,1
DA:5,1
DA:14,1
DA:15,1
DA:18,1
DA:56,1
LF:6
LH:6
BRF:0
BRH:0
end_of_record
TN:
SF:models\index.js
FN:21,(anonymous_0)
FN:29,(anonymous_1)
FN:34,(anonymous_2)
FNF:3
FNH:3
FNDA:5,(anonymous_0)
FNDA:4,(anonymous_1)
FNDA:4,(anonymous_2)
DA:3,1
DA:4,1
DA:5,1
DA:6,1
DA:7,1
DA:8,1
DA:9,1
DA:10,1
DA:13,1
DA:14,0
DA:16,1
DA:19,1
DA:22,5
DA:30,4
DA:31,4
DA:34,1
DA:35,4
DA:36,4
DA:40,1
DA:41,1
DA:43,1
LF:21
LH:20
BRDA:8,0,0,1
BRDA:8,0,1,0
BRDA:13,1,0,0
BRDA:13,1,1,1
BRDA:23,2,0,5
BRDA:23,2,1,5
BRDA:23,2,2,4
BRDA:23,2,3,4
BRDA:35,3,0,4
BRDA:35,3,1,0
BRF:10
BRH:7
end_of_record
TN:
SF:models\member.js
FN:5,(anonymous_0)
FN:12,(anonymous_1)
FNF:2
FNH:2
FNDA:1,(anonymous_0)
FNDA:1,(anonymous_1)
DA:4,1
DA:5,1
DA:14,1
DA:15,1
DA:18,1
DA:46,1
LF:6
LH:6
BRF:0
BRH:0
end_of_record
TN:
SF:models\pinalty.js
FN:5,(anonymous_0)
FN:12,(anonymous_1)
FNF:2
FNH:2
FNDA:1,(anonymous_0)
FNDA:1,(anonymous_1)
DA:4,1
DA:5,1
DA:14,1
DA:17,1
DA:24,1
LF:5
LH:5
BRF:0
BRH:0
end_of_record
